<?xml version="1.0" encoding="UTF-8"?>
<!-- Generated by org.testng.reporters.JUnitReportReporter -->
<testsuite hostname="LAPTOP-AI7P79K2" failures="0" tests="1" name="TestCases.VerifyFilterComputer" time="2.157" errors="0" timestamp="2022-05-25T13:49:05 CEST" skipped="0">
  <testcase classname="TestCases.VerifyFilterComputer" name="VerifyFilterComputer" time="2.157"/>
  <system-out/>
</testsuite> <!-- TestCases.VerifyFilterComputer -->
